0 info it worked if it ends with ok
1 verbose cli [ 'node', '/usr/local/bin/npm', 'install', 'mongo-fast-join' ]
2 info using npm@1.4.21
3 info using node@v0.10.26
4 verbose readDependencies using package.json deps
5 verbose cache add [ 'mongo-fast-join@>=0.0.0', null ]
6 verbose cache add name=undefined spec="mongo-fast-join@>=0.0.0" args=["mongo-fast-join@>=0.0.0",null]
7 verbose parsed url { protocol: null,
7 verbose parsed url   slashes: null,
7 verbose parsed url   auth: null,
7 verbose parsed url   host: null,
7 verbose parsed url   port: null,
7 verbose parsed url   hostname: null,
7 verbose parsed url   hash: null,
7 verbose parsed url   search: null,
7 verbose parsed url   query: null,
7 verbose parsed url   pathname: 'mongo-fast-join@%3E=0.0.0',
7 verbose parsed url   path: 'mongo-fast-join@%3E=0.0.0',
7 verbose parsed url   href: 'mongo-fast-join@%3E=0.0.0' }
8 verbose cache add name="mongo-fast-join" spec=">=0.0.0" args=["mongo-fast-join",">=0.0.0"]
9 verbose parsed url { protocol: null,
9 verbose parsed url   slashes: null,
9 verbose parsed url   auth: null,
9 verbose parsed url   host: null,
9 verbose parsed url   port: null,
9 verbose parsed url   hostname: null,
9 verbose parsed url   hash: null,
9 verbose parsed url   search: null,
9 verbose parsed url   query: null,
9 verbose parsed url   pathname: '%3E=0.0.0',
9 verbose parsed url   path: '%3E=0.0.0',
9 verbose parsed url   href: '%3E=0.0.0' }
10 verbose addNamed [ 'mongo-fast-join', '>=0.0.0' ]
11 verbose addNamed [ null, '>=0.0.0' ]
12 silly lockFile 21d82705-mongo-fast-join-0-0-0 mongo-fast-join@>=0.0.0
13 verbose lock mongo-fast-join@>=0.0.0 /Users/steinbergkh/.npm/21d82705-mongo-fast-join-0-0-0.lock
14 silly addNameRange { name: 'mongo-fast-join', range: '>=0.0.0', hasData: false }
15 silly addNameRange number 2 { name: 'mongo-fast-join', range: '>=0.0.0', hasData: true }
16 silly addNameRange versions [ 'mongo-fast-join',
16 silly addNameRange   [ '0.0.3',
16 silly addNameRange     '0.0.4',
16 silly addNameRange     '0.0.5',
16 silly addNameRange     '0.0.6',
16 silly addNameRange     '0.0.7',
16 silly addNameRange     '0.0.8',
16 silly addNameRange     '0.0.9',
16 silly addNameRange     '0.0.10',
16 silly addNameRange     '0.0.11' ] ]
17 verbose addNamed [ 'mongo-fast-join', '0.0.11' ]
18 verbose addNamed [ '0.0.11', '0.0.11' ]
19 silly lockFile 5f674714-mongo-fast-join-0-0-11 mongo-fast-join@0.0.11
20 verbose lock mongo-fast-join@0.0.11 /Users/steinbergkh/.npm/5f674714-mongo-fast-join-0-0-11.lock
21 silly lockFile 5f674714-mongo-fast-join-0-0-11 mongo-fast-join@0.0.11
22 silly lockFile 5f674714-mongo-fast-join-0-0-11 mongo-fast-join@0.0.11
23 silly lockFile 21d82705-mongo-fast-join-0-0-0 mongo-fast-join@>=0.0.0
24 silly lockFile 21d82705-mongo-fast-join-0-0-0 mongo-fast-join@>=0.0.0
25 silly resolved [ { name: 'mongo-fast-join',
25 silly resolved     version: '0.0.11',
25 silly resolved     description: 'Join subdocuments into other mongo documents from other collections',
25 silly resolved     main: 'Join.js',
25 silly resolved     scripts: { test: 'echo "Error: no test specified" && exit 1' },
25 silly resolved     repository:
25 silly resolved      { type: 'git',
25 silly resolved        url: 'https://github.com/Bill4Time/mongo-fast-join.git' },
25 silly resolved     keywords:
25 silly resolved      [ 'mongodb',
25 silly resolved        'mongo',
25 silly resolved        'nodejs',
25 silly resolved        'node',
25 silly resolved        'javascript',
25 silly resolved        'join',
25 silly resolved        'mongo-join' ],
25 silly resolved     author: { name: 'Bill4Time' },
25 silly resolved     contributors: [ [Object], [Object] ],
25 silly resolved     license: 'The MIT License (MIT)',
25 silly resolved     bugs: { url: 'https://github.com/Bill4Time/mongo-fast-join/issues' },
25 silly resolved     readme: '##mongo-fast-join\r\n\r\n\r\nJoin sub documents from other collections into the original query documents and do it as fast as mongo can.\r\n\r\n###Intro\r\n\r\nThis is our stab at the mongo join problem. As you know, joins are not supported by MongoDB natively, and this can be a pain.\r\nWe sought to create a project which performs a join query on mongodb and does it quickly. After a few attempts with less \r\nthan stellar results, we arrived at the current implementation.\r\n\r\n####How did we do it?\r\n\r\nmongo-fast-join is fast because we paginate our join queries. Each document that is going to be joined to another document \r\nrepresents a unique query. This is accomplished with an $or clause. When dealing with only 10,000 original documents, this \r\nwas miserably slow, taking up to a minute to return results on the local network. What a useless tool this would be if it \r\ntook that long to join a measly 10,000 records. Turns out that splitting query into small queries with only 5 conditions \r\nin each $or clause sped the performance up by many orders of magnitude, joining 10,000 documents in less than 200ms.\r\n\r\nWe think that the reason the single query performed so poorly is because the $or clause was not intended to handle 10,000\r\nconditions. It also seems that the query is executed in a single thread (just a guess). \r\n\r\n\r\n####Shut up and take my query!\r\n\r\nThis is the syntax we arrived at:\r\n\r\n```\r\n\r\nvar MJ = require("mongo-fast-join"),\r\n    mongoJoin = new MJ();\r\n\r\n/*\r\n    Say we have a collection of sales where each document holds a manual reference to the product sold. We can join the\r\n    full product document into each sale document. Lets also assume that each product has a reference to some\r\n    manufacturer info.\r\n*/\r\n        \r\nmongoJoin\r\n    .query(\r\n      //say we have sales records and we store all the products for sale in a different collection\r\n      db.collection("sales"),\r\n        {}, //query statement\r\n        {}, //fields\r\n        {\r\n            limit: 10000//options\r\n        }\r\n    )\r\n    .join({\r\n        joinCollection: db.collection("products"),\r\n        //respects the dot notation, multiple keys can be specified in this array\r\n        leftKeys: ["product_id"],\r\n        //This is the key of the document in the right hand document\r\n        rightKeys: ["_id"],\r\n        //This is the new subdocument that will be added to the result document\r\n        newKey: "product"\r\n    })\r\n    .join({\r\n        //say that we want to get the users that commented too\r\n        joinCollection: db.collection("manufacturers"),\r\n        //This is cool, you can join on the new documents you add to the source document\r\n        leftKeys: ["product.manufacturer_id"],//This field accepts many keys, which amounts to a composite key\r\n        rightKeys: ["_id"],\r\n        //unfortunately, as of now, you can only add subdocuments at the root level, not to arrays of subdocuments\r\n        newKey: "manufacturer"//The upside is that this serve the majority of cases\r\n    })\r\n    //Call exec to run the compiled query and catch any errors and results, in the callback\r\n    .exec(function (err, items) {\r\n        console.log(items);\r\n    });\r\n\r\n```\r\n\r\nThe resulting document should have 10000 sales records with the product sold and manufaturer info attached to each sale\r\nin a structure like this:\r\n\r\n```\r\n\r\n{\r\n    _id: 1,\r\n    product_id: 2,\r\n    product: {\r\n        _id: 2,\r\n        manufacturer_id: 3\r\n        name: "Wooden Spoon"\r\n    },\r\n    manufacturer: {\r\n        _id: 3,\r\n        name: "Betty Crocker"\r\n    }\r\n}\r\n\r\n```\r\n\r\n\r\n',
25 silly resolved     readmeFilename: 'README.md',
25 silly resolved     homepage: 'https://github.com/Bill4Time/mongo-fast-join',
25 silly resolved     _id: 'mongo-fast-join@0.0.11',
25 silly resolved     dist:
25 silly resolved      { shasum: 'c04f62c834fdc0e32ea36bc303b7974fce8026ef',
25 silly resolved        tarball: 'http://registry.npmjs.org/mongo-fast-join/-/mongo-fast-join-0.0.11.tgz' },
25 silly resolved     _from: 'mongo-fast-join@>=0.0.0',
25 silly resolved     _npmVersion: '1.3.14',
25 silly resolved     _npmUser: { name: 'kylehousley', email: 'khousley@bill4time.com' },
25 silly resolved     maintainers: [ [Object] ],
25 silly resolved     directories: {},
25 silly resolved     _shasum: 'c04f62c834fdc0e32ea36bc303b7974fce8026ef',
25 silly resolved     _resolved: 'https://registry.npmjs.org/mongo-fast-join/-/mongo-fast-join-0.0.11.tgz' } ]
26 info install mongo-fast-join@0.0.11 into /Users/steinbergkh/Documents/Programming/angularjs/umich-adpi
27 info installOne mongo-fast-join@0.0.11
28 verbose node_modules/mongo-fast-join unbuild
29 info preuninstall mongo-fast-join@0.0.11
30 info uninstall mongo-fast-join@0.0.11
31 verbose true,/Users/steinbergkh/Documents/Programming/angularjs/umich-adpi/node_modules,/Users/steinbergkh/Documents/Programming/angularjs/umich-adpi/node_modules unbuild mongo-fast-join@0.0.11
32 info postuninstall mongo-fast-join@0.0.11
33 verbose tar unpack /Users/steinbergkh/.npm/mongo-fast-join/0.0.11/package.tgz
34 silly lockFile c97e6696-dpi-node-modules-mongo-fast-join tar:///Users/steinbergkh/Documents/Programming/angularjs/umich-adpi/node_modules/mongo-fast-join
35 verbose lock tar:///Users/steinbergkh/Documents/Programming/angularjs/umich-adpi/node_modules/mongo-fast-join /Users/steinbergkh/.npm/c97e6696-dpi-node-modules-mongo-fast-join.lock
36 silly lockFile ead6daa2-ngo-fast-join-0-0-11-package-tgz tar:///Users/steinbergkh/.npm/mongo-fast-join/0.0.11/package.tgz
37 verbose lock tar:///Users/steinbergkh/.npm/mongo-fast-join/0.0.11/package.tgz /Users/steinbergkh/.npm/ead6daa2-ngo-fast-join-0-0-11-package-tgz.lock
38 silly gunzTarPerm modes [ '755', '644' ]
39 silly gunzTarPerm extractEntry package.json
40 silly gunzTarPerm modified mode [ 'package.json', 438, 420 ]
41 silly gunzTarPerm extractEntry README.md
42 silly gunzTarPerm modified mode [ 'README.md', 438, 420 ]
43 silly gunzTarPerm extractEntry Join.js
44 silly gunzTarPerm modified mode [ 'Join.js', 438, 420 ]
45 silly gunzTarPerm extractEntry .idea/.name
46 silly gunzTarPerm modified mode [ '.idea/.name', 438, 420 ]
47 silly gunzTarPerm extractEntry .idea/encodings.xml
48 silly gunzTarPerm modified mode [ '.idea/encodings.xml', 438, 420 ]
49 silly gunzTarPerm extractEntry .idea/misc.xml
50 silly gunzTarPerm modified mode [ '.idea/misc.xml', 438, 420 ]
51 silly gunzTarPerm extractEntry .idea/modules.xml
52 silly gunzTarPerm modified mode [ '.idea/modules.xml', 438, 420 ]
53 silly gunzTarPerm extractEntry .idea/mongo-fast-join.iml
54 silly gunzTarPerm modified mode [ '.idea/mongo-fast-join.iml', 438, 420 ]
55 silly gunzTarPerm extractEntry .idea/scopes/scope_settings.xml
56 silly gunzTarPerm modified mode [ '.idea/scopes/scope_settings.xml', 438, 420 ]
57 silly gunzTarPerm extractEntry .idea/vcs.xml
58 silly gunzTarPerm modified mode [ '.idea/vcs.xml', 438, 420 ]
59 silly gunzTarPerm extractEntry .idea/workspace.xml
60 silly gunzTarPerm modified mode [ '.idea/workspace.xml', 438, 420 ]
61 silly gunzTarPerm extractEntry LICENSE.TXT
62 silly gunzTarPerm modified mode [ 'LICENSE.TXT', 438, 420 ]
63 silly gunzTarPerm extractEntry mongo-fast-join-0.0.10.tgz
64 silly gunzTarPerm modified mode [ 'mongo-fast-join-0.0.10.tgz', 438, 420 ]
65 silly gunzTarPerm extractEntry test/TestJoinFunction.js
66 silly gunzTarPerm modified mode [ 'test/TestJoinFunction.js', 438, 420 ]
67 silly gunzTarPerm extractEntry test/TestJoinUtilityFunctions.js
68 silly gunzTarPerm modified mode [ 'test/TestJoinUtilityFunctions.js', 438, 420 ]
69 silly lockFile c97e6696-dpi-node-modules-mongo-fast-join tar:///Users/steinbergkh/Documents/Programming/angularjs/umich-adpi/node_modules/mongo-fast-join
70 silly lockFile c97e6696-dpi-node-modules-mongo-fast-join tar:///Users/steinbergkh/Documents/Programming/angularjs/umich-adpi/node_modules/mongo-fast-join
71 silly lockFile ead6daa2-ngo-fast-join-0-0-11-package-tgz tar:///Users/steinbergkh/.npm/mongo-fast-join/0.0.11/package.tgz
72 silly lockFile ead6daa2-ngo-fast-join-0-0-11-package-tgz tar:///Users/steinbergkh/.npm/mongo-fast-join/0.0.11/package.tgz
73 info preinstall mongo-fast-join@0.0.11
74 verbose readDependencies using package.json deps
75 verbose readDependencies using package.json deps
76 silly resolved []
77 verbose about to build /Users/steinbergkh/Documents/Programming/angularjs/umich-adpi/node_modules/mongo-fast-join
78 info build /Users/steinbergkh/Documents/Programming/angularjs/umich-adpi/node_modules/mongo-fast-join
79 verbose linkStuff [ false,
79 verbose linkStuff   false,
79 verbose linkStuff   false,
79 verbose linkStuff   '/Users/steinbergkh/Documents/Programming/angularjs/umich-adpi/node_modules' ]
80 info linkStuff mongo-fast-join@0.0.11
81 verbose linkBins mongo-fast-join@0.0.11
82 verbose linkMans mongo-fast-join@0.0.11
83 verbose rebuildBundles mongo-fast-join@0.0.11
84 info install mongo-fast-join@0.0.11
85 info postinstall mongo-fast-join@0.0.11
86 warn unmet dependency /Users/steinbergkh/Documents/Programming/angularjs/umich-adpi/node_modules/grunt-angular-templates/node_modules/html-minifier/node_modules/change-case/node_modules/camel-case requires sentence-case@'^0.1.1' but will load
86 warn unmet dependency /Users/steinbergkh/Documents/Programming/angularjs/umich-adpi/node_modules/grunt-angular-templates/node_modules/html-minifier/node_modules/change-case/node_modules/sentence-case,
86 warn unmet dependency which is version 0.1.2
87 warn unmet dependency /Users/steinbergkh/Documents/Programming/angularjs/umich-adpi/node_modules/grunt-angular-templates/node_modules/html-minifier/node_modules/change-case/node_modules/dot-case requires sentence-case@'^0.1.1' but will load
87 warn unmet dependency /Users/steinbergkh/Documents/Programming/angularjs/umich-adpi/node_modules/grunt-angular-templates/node_modules/html-minifier/node_modules/change-case/node_modules/sentence-case,
87 warn unmet dependency which is version 0.1.2
88 warn unmet dependency /Users/steinbergkh/Documents/Programming/angularjs/umich-adpi/node_modules/grunt-angular-templates/node_modules/html-minifier/node_modules/change-case/node_modules/param-case requires sentence-case@'^0.1.1' but will load
88 warn unmet dependency /Users/steinbergkh/Documents/Programming/angularjs/umich-adpi/node_modules/grunt-angular-templates/node_modules/html-minifier/node_modules/change-case/node_modules/sentence-case,
88 warn unmet dependency which is version 0.1.2
89 warn unmet dependency /Users/steinbergkh/Documents/Programming/angularjs/umich-adpi/node_modules/grunt-angular-templates/node_modules/html-minifier/node_modules/change-case/node_modules/path-case requires sentence-case@'^0.1.1' but will load
89 warn unmet dependency /Users/steinbergkh/Documents/Programming/angularjs/umich-adpi/node_modules/grunt-angular-templates/node_modules/html-minifier/node_modules/change-case/node_modules/sentence-case,
89 warn unmet dependency which is version 0.1.2
90 warn unmet dependency /Users/steinbergkh/Documents/Programming/angularjs/umich-adpi/node_modules/grunt-angular-templates/node_modules/html-minifier/node_modules/change-case/node_modules/snake-case requires sentence-case@'^0.1.1' but will load
90 warn unmet dependency /Users/steinbergkh/Documents/Programming/angularjs/umich-adpi/node_modules/grunt-angular-templates/node_modules/html-minifier/node_modules/change-case/node_modules/sentence-case,
90 warn unmet dependency which is version 0.1.2
91 warn unmet dependency /Users/steinbergkh/Documents/Programming/angularjs/umich-adpi/node_modules/grunt-angular-templates/node_modules/html-minifier/node_modules/change-case/node_modules/title-case requires sentence-case@'^0.1.1' but will load
91 warn unmet dependency /Users/steinbergkh/Documents/Programming/angularjs/umich-adpi/node_modules/grunt-angular-templates/node_modules/html-minifier/node_modules/change-case/node_modules/sentence-case,
91 warn unmet dependency which is version 0.1.2
92 warn unmet dependency /Users/steinbergkh/Documents/Programming/angularjs/umich-adpi/node_modules/grunt-contrib-imagemin/node_modules/imagemin/node_modules/imagemin-gifsicle requires image-type@'^0.1.1' but will load
92 warn unmet dependency /Users/steinbergkh/Documents/Programming/angularjs/umich-adpi/node_modules/grunt-contrib-imagemin/node_modules/imagemin/node_modules/image-type,
92 warn unmet dependency which is version 0.1.4
93 warn unmet dependency /Users/steinbergkh/Documents/Programming/angularjs/umich-adpi/node_modules/grunt-contrib-imagemin/node_modules/imagemin/node_modules/imagemin-jpegtran requires image-type@'^0.1.1' but will load
93 warn unmet dependency /Users/steinbergkh/Documents/Programming/angularjs/umich-adpi/node_modules/grunt-contrib-imagemin/node_modules/imagemin/node_modules/image-type,
93 warn unmet dependency which is version 0.1.4
94 warn unmet dependency /Users/steinbergkh/Documents/Programming/angularjs/umich-adpi/node_modules/grunt-contrib-imagemin/node_modules/imagemin/node_modules/imagemin-optipng requires image-type@'^0.1.1' but will load
94 warn unmet dependency /Users/steinbergkh/Documents/Programming/angularjs/umich-adpi/node_modules/grunt-contrib-imagemin/node_modules/imagemin/node_modules/image-type,
94 warn unmet dependency which is version 0.1.4
95 warn unmet dependency /Users/steinbergkh/Documents/Programming/angularjs/umich-adpi/node_modules/grunt-contrib-imagemin/node_modules/imagemin/node_modules/imagemin-pngquant requires image-type@'^0.1.1' but will load
95 warn unmet dependency /Users/steinbergkh/Documents/Programming/angularjs/umich-adpi/node_modules/grunt-contrib-imagemin/node_modules/imagemin/node_modules/image-type,
95 warn unmet dependency which is version 0.1.4
96 warn unmet dependency /Users/steinbergkh/Documents/Programming/angularjs/umich-adpi/node_modules/grunt-contrib-imagemin/node_modules/imagemin/node_modules/imagemin-gifsicle/node_modules/gifsicle/node_modules/bin-build/node_modules/download/node_modules/decompress/node_modules/extname requires map-key@'^0.1.1' but will load
96 warn unmet dependency /Users/steinbergkh/Documents/Programming/angularjs/umich-adpi/node_modules/grunt-contrib-imagemin/node_modules/imagemin/node_modules/imagemin-gifsicle/node_modules/gifsicle/node_modules/bin-build/node_modules/download/node_modules/decompress/node_modules/map-key,
96 warn unmet dependency which is version 0.1.4
97 warn unmet dependency /Users/steinbergkh/Documents/Programming/angularjs/umich-adpi/node_modules/grunt-contrib-imagemin/node_modules/imagemin/node_modules/imagemin-gifsicle/node_modules/gifsicle/node_modules/bin-wrapper/node_modules/download/node_modules/decompress/node_modules/extname requires map-key@'^0.1.1' but will load
97 warn unmet dependency /Users/steinbergkh/Documents/Programming/angularjs/umich-adpi/node_modules/grunt-contrib-imagemin/node_modules/imagemin/node_modules/imagemin-gifsicle/node_modules/gifsicle/node_modules/bin-wrapper/node_modules/download/node_modules/decompress/node_modules/map-key,
97 warn unmet dependency which is version 0.1.4
98 warn unmet dependency /Users/steinbergkh/Documents/Programming/angularjs/umich-adpi/node_modules/grunt-contrib-imagemin/node_modules/imagemin/node_modules/imagemin-jpegtran/node_modules/jpegtran-bin/node_modules/bin-build/node_modules/download/node_modules/decompress/node_modules/extname requires map-key@'^0.1.1' but will load
98 warn unmet dependency /Users/steinbergkh/Documents/Programming/angularjs/umich-adpi/node_modules/grunt-contrib-imagemin/node_modules/imagemin/node_modules/imagemin-jpegtran/node_modules/jpegtran-bin/node_modules/bin-build/node_modules/download/node_modules/decompress/node_modules/map-key,
98 warn unmet dependency which is version 0.1.4
99 warn unmet dependency /Users/steinbergkh/Documents/Programming/angularjs/umich-adpi/node_modules/grunt-contrib-imagemin/node_modules/imagemin/node_modules/imagemin-jpegtran/node_modules/jpegtran-bin/node_modules/bin-wrapper/node_modules/download/node_modules/decompress/node_modules/extname requires map-key@'^0.1.1' but will load
99 warn unmet dependency /Users/steinbergkh/Documents/Programming/angularjs/umich-adpi/node_modules/grunt-contrib-imagemin/node_modules/imagemin/node_modules/imagemin-jpegtran/node_modules/jpegtran-bin/node_modules/bin-wrapper/node_modules/download/node_modules/decompress/node_modules/map-key,
99 warn unmet dependency which is version 0.1.4
100 warn unmet dependency /Users/steinbergkh/Documents/Programming/angularjs/umich-adpi/node_modules/grunt-contrib-imagemin/node_modules/imagemin/node_modules/imagemin-optipng/node_modules/optipng-bin/node_modules/bin-build/node_modules/download/node_modules/decompress/node_modules/extname requires map-key@'^0.1.1' but will load
100 warn unmet dependency /Users/steinbergkh/Documents/Programming/angularjs/umich-adpi/node_modules/grunt-contrib-imagemin/node_modules/imagemin/node_modules/imagemin-optipng/node_modules/optipng-bin/node_modules/bin-build/node_modules/download/node_modules/decompress/node_modules/map-key,
100 warn unmet dependency which is version 0.1.4
101 warn unmet dependency /Users/steinbergkh/Documents/Programming/angularjs/umich-adpi/node_modules/grunt-contrib-imagemin/node_modules/imagemin/node_modules/imagemin-optipng/node_modules/optipng-bin/node_modules/bin-wrapper/node_modules/download/node_modules/decompress/node_modules/extname requires map-key@'^0.1.1' but will load
101 warn unmet dependency /Users/steinbergkh/Documents/Programming/angularjs/umich-adpi/node_modules/grunt-contrib-imagemin/node_modules/imagemin/node_modules/imagemin-optipng/node_modules/optipng-bin/node_modules/bin-wrapper/node_modules/download/node_modules/decompress/node_modules/map-key,
101 warn unmet dependency which is version 0.1.4
102 warn unmet dependency /Users/steinbergkh/Documents/Programming/angularjs/umich-adpi/node_modules/grunt-contrib-imagemin/node_modules/imagemin/node_modules/imagemin-pngquant/node_modules/pngquant-bin/node_modules/bin-build/node_modules/download/node_modules/decompress/node_modules/extname requires map-key@'^0.1.1' but will load
102 warn unmet dependency /Users/steinbergkh/Documents/Programming/angularjs/umich-adpi/node_modules/grunt-contrib-imagemin/node_modules/imagemin/node_modules/imagemin-pngquant/node_modules/pngquant-bin/node_modules/bin-build/node_modules/download/node_modules/decompress/node_modules/map-key,
102 warn unmet dependency which is version 0.1.4
103 warn unmet dependency /Users/steinbergkh/Documents/Programming/angularjs/umich-adpi/node_modules/grunt-contrib-imagemin/node_modules/imagemin/node_modules/imagemin-pngquant/node_modules/pngquant-bin/node_modules/bin-wrapper/node_modules/download/node_modules/decompress/node_modules/extname requires map-key@'^0.1.1' but will load
103 warn unmet dependency /Users/steinbergkh/Documents/Programming/angularjs/umich-adpi/node_modules/grunt-contrib-imagemin/node_modules/imagemin/node_modules/imagemin-pngquant/node_modules/pngquant-bin/node_modules/bin-wrapper/node_modules/download/node_modules/decompress/node_modules/map-key,
103 warn unmet dependency which is version 0.1.4
104 error peerinvalid The package grunt does not satisfy its siblings' peerDependencies requirements!
104 error peerinvalid Peer grunt-contrib-copy@0.5.0 wants grunt@~0.4.0
104 error peerinvalid Peer grunt-express-server@0.4.17 wants grunt@~0.4.0
104 error peerinvalid Peer grunt-karma@0.8.3 wants grunt@0.4.x
104 error peerinvalid Peer jit-grunt@0.5.0 wants grunt@~0.4.0
104 error peerinvalid Peer grunt-contrib-clean@0.5.0 wants grunt@~0.4.0
104 error peerinvalid Peer grunt-contrib-compass@0.7.2 wants grunt@~0.4.0
104 error peerinvalid Peer grunt-newer@0.7.0 wants grunt@~0.4.1
104 error peerinvalid Peer grunt-usemin@2.1.1 wants grunt@>=0.4.0
104 error peerinvalid Peer grunt-concurrent@0.5.0 wants grunt@~0.4.0
104 error peerinvalid Peer grunt-contrib-coffee@0.10.1 wants grunt@~0.4.0
104 error peerinvalid Peer grunt-contrib-concat@0.4.0 wants grunt@~0.4.0
104 error peerinvalid Peer grunt-contrib-htmlmin@0.2.0 wants grunt@~0.4.0
104 error peerinvalid Peer grunt-contrib-sass@0.7.3 wants grunt@~0.4.0
104 error peerinvalid Peer grunt-asset-injector@0.1.0 wants grunt@~0.4.1
104 error peerinvalid Peer grunt-autoprefixer@0.7.6 wants grunt@~0.4.2
104 error peerinvalid Peer grunt-bower-install@1.4.1 wants grunt@~0.4.0
104 error peerinvalid Peer grunt-contrib-watch@0.6.1 wants grunt@~0.4.0
104 error peerinvalid Peer grunt-svgmin@0.4.0 wants grunt@~0.4.0
104 error peerinvalid Peer grunt-contrib-cssmin@0.9.0 wants grunt@~0.4.1
104 error peerinvalid Peer grunt-contrib-jshint@0.10.0 wants grunt@~0.4.0
104 error peerinvalid Peer grunt-contrib-jade@0.11.0 wants grunt@~0.4.1
104 error peerinvalid Peer grunt-contrib-less@0.11.3 wants grunt@^0.4.0
104 error peerinvalid Peer grunt-dom-munger@3.4.0 wants grunt@~0.4.1
104 error peerinvalid Peer grunt-node-inspector@0.1.5 wants grunt@~0.4.2
104 error peerinvalid Peer grunt-protractor-runner@0.2.5 wants grunt@~0.4.1
104 error peerinvalid Peer grunt-contrib-uglify@0.4.1 wants grunt@~0.4.0
104 error peerinvalid Peer grunt-nodemon@0.2.1 wants grunt@~0.4.1
104 error peerinvalid Peer grunt-contrib-imagemin@0.7.1 wants grunt@^0.4.0
105 error System Darwin 14.0.0
106 error command "node" "/usr/local/bin/npm" "install" "mongo-fast-join"
107 error cwd /Users/steinbergkh/Documents/Programming/angularjs/umich-adpi
108 error node -v v0.10.26
109 error npm -v 1.4.21
110 error code EPEERINVALID
111 verbose exit [ 1, true ]
